[2025-04-01T05:14:50.169+0100] {taskinstance.py:1956} INFO - Dependencies all met for dep_context=non-requeueable deps ti=<TaskInstance: test_dag2.move_to_transformation scheduled__2025-03-31T00:00:00+00:00 [queued]>
[2025-04-01T05:14:50.191+0100] {taskinstance.py:1956} INFO - Dependencies all met for dep_context=requeueable deps ti=<TaskInstance: test_dag2.move_to_transformation scheduled__2025-03-31T00:00:00+00:00 [queued]>
[2025-04-01T05:14:50.192+0100] {taskinstance.py:2170} INFO - Starting attempt 1 of 1
[2025-04-01T05:14:50.235+0100] {taskinstance.py:2191} INFO - Executing <Task(PythonOperator): move_to_transformation> on 2025-03-31 00:00:00+00:00
[2025-04-01T05:14:50.251+0100] {standard_task_runner.py:60} INFO - Started process 29114 to run task
[2025-04-01T05:14:50.256+0100] {standard_task_runner.py:87} INFO - Running: ['airflow', 'tasks', 'run', 'test_dag2', 'move_to_transformation', 'scheduled__2025-03-31T00:00:00+00:00', '--job-id', '253', '--raw', '--subdir', 'DAGS_FOLDER/test_dag2.py', '--cfg-path', '/tmp/tmpgw6m3yy_']
[2025-04-01T05:14:50.264+0100] {standard_task_runner.py:88} INFO - Job 253: Subtask move_to_transformation
[2025-04-01T05:14:50.566+0100] {task_command.py:423} INFO - Running <TaskInstance: test_dag2.move_to_transformation scheduled__2025-03-31T00:00:00+00:00 [running]> on host LAPTOP-A4DHQTS9.
[2025-04-01T05:14:50.956+0100] {taskinstance.py:2480} INFO - Exporting env vars: AIRFLOW_CTX_DAG_OWNER='airflow' AIRFLOW_CTX_DAG_ID='test_dag2' AIRFLOW_CTX_TASK_ID='move_to_transformation' AIRFLOW_CTX_EXECUTION_DATE='2025-03-31T00:00:00+00:00' AIRFLOW_CTX_TRY_NUMBER='1' AIRFLOW_CTX_DAG_RUN_ID='scheduled__2025-03-31T00:00:00+00:00'
[2025-04-01T05:14:51.007+0100] {base.py:83} INFO - Using connection ID 'destination_db' for task execution.
[2025-04-01T05:14:51.045+0100] {sql.py:450} INFO - Running statement: 
        SELECT column_name, data_type
        FROM information_schema.columns
        WHERE table_name = 'stg_prog3';
    , parameters: None
[2025-04-01T05:14:51.102+0100] {sql.py:459} INFO - Rows affected: 4
[2025-04-01T05:14:51.150+0100] {base.py:83} INFO - Using connection ID 'destination_db' for task execution.
[2025-04-01T05:14:51.190+0100] {sql.py:450} INFO - Running statement: 
        CREATE TABLE IF NOT EXISTS transformation.trans_prog3 ("lastupdated" timestamp without time zone, "uid" character varying, "Area (H)" text, "farmers" text);
    , parameters: None
[2025-04-01T05:14:51.255+0100] {base.py:83} INFO - Using connection ID 'destination_db' for task execution.
[2025-04-01T05:14:51.292+0100] {sql.py:450} INFO - Running statement: 
        SELECT column_name FROM information_schema.columns 
        WHERE table_schema = 'staging' 
        AND table_name = 'stg_prog3'
        AND column_name <> 'uid';
    , parameters: None
[2025-04-01T05:14:51.337+0100] {sql.py:459} INFO - Rows affected: 3
[2025-04-01T05:14:51.372+0100] {base.py:83} INFO - Using connection ID 'destination_db' for task execution.
[2025-04-01T05:14:51.407+0100] {sql.py:450} INFO - Running statement: 
        INSERT INTO transformation.trans_prog3
        SELECT * FROM staging.stg_prog3
        ON CONFLICT (uid) DO UPDATE 
        SET "lastupdated" = EXCLUDED."lastupdated", "Area (H)" = EXCLUDED."Area (H)", "farmers" = EXCLUDED."farmers"
        WHERE transformation.trans_prog3.lastupdated < EXCLUDED.lastupdated;
    , parameters: None
[2025-04-01T05:14:51.409+0100] {taskinstance.py:2698} ERROR - Task failed with exception
Traceback (most recent call last):
  File "/home/philip/de_engineering/airflow_projects/airflow1/venv/lib/python3.10/site-packages/airflow/models/taskinstance.py", line 433, in _execute_task
    result = execute_callable(context=context, **execute_callable_kwargs)
  File "/home/philip/de_engineering/airflow_projects/airflow1/venv/lib/python3.10/site-packages/airflow/operators/python.py", line 199, in execute
    return_value = self.execute_callable()
  File "/home/philip/de_engineering/airflow_projects/airflow1/venv/lib/python3.10/site-packages/airflow/operators/python.py", line 216, in execute_callable
    return self.python_callable(*self.op_args, **self.op_kwargs)
  File "/home/philip/airflow/dags/test_dag2.py", line 124, in move_to_transformation
    dest_pg_hook.run(upsert_query)
  File "/home/philip/de_engineering/airflow_projects/airflow1/venv/lib/python3.10/site-packages/airflow/providers/common/sql/hooks/sql.py", line 398, in run
    self._run_command(cur, sql_statement, parameters)
  File "/home/philip/de_engineering/airflow_projects/airflow1/venv/lib/python3.10/site-packages/airflow/providers/common/sql/hooks/sql.py", line 455, in _run_command
    cur.execute(sql_statement)
psycopg2.errors.DatatypeMismatch: column "lastupdated" is of type timestamp without time zone but expression is of type character varying
LINE 3:         SELECT * FROM staging.stg_prog3
                       ^
HINT:  You will need to rewrite or cast the expression.

[2025-04-01T05:14:51.455+0100] {taskinstance.py:1138} INFO - Marking task as FAILED. dag_id=test_dag2, task_id=move_to_transformation, execution_date=20250331T000000, start_date=20250401T041450, end_date=20250401T041451
[2025-04-01T05:14:51.492+0100] {standard_task_runner.py:107} ERROR - Failed to execute job 253 for task move_to_transformation (column "lastupdated" is of type timestamp without time zone but expression is of type character varying
LINE 3:         SELECT * FROM staging.stg_prog3
                       ^
HINT:  You will need to rewrite or cast the expression.
; 29114)
[2025-04-01T05:14:51.561+0100] {local_task_job_runner.py:234} INFO - Task exited with return code 1
[2025-04-01T05:14:51.633+0100] {taskinstance.py:3280} INFO - 0 downstream tasks scheduled from follow-on schedule check
